<?xml version="1.0" encoding="UTF-8"?>
<!-- Generated by org.testng.reporters.JUnitReportReporter -->
<testsuite hostname="LAPTOP-7DRMGDRO" failures="0" tests="2" name="Commerce.Test.ErrorValidationTest" time="20.600" errors="0" timestamp="14 gru 2022 23:03:24 GMT" skipped="0">
  <testcase classname="Commerce.Test.ErrorValidationTest" name="verifyProductDisplay" time="8.567"/>
  <testcase classname="Commerce.Test.ErrorValidationTest" name="loginErrorValidation" time="12.033"/>
</testsuite> <!-- Commerce.Test.ErrorValidationTest -->
